/root/anaconda2/lib/python2.7/site-packages/h5py/__init__.py:34: FutureWarning: Conversion of the second argument of issubdtype from `float` to `np.floating` is deprecated. In future, it will be treated as `np.float64 == np.dtype(float).type`.
  from ._conv import register_converters as _register_converters
/root/anaconda2/lib/python2.7/site-packages/h5py/__init__.py:34: FutureWarning: Conversion of the second argument of issubdtype from `float` to `np.floating` is deprecated. In future, it will be treated as `np.float64 == np.dtype(float).type`.
  from ._conv import register_converters as _register_converters
/root/anaconda2/lib/python2.7/site-packages/h5py/__init__.py:34: FutureWarning: Conversion of the second argument of issubdtype from `float` to `np.floating` is deprecated. In future, it will be treated as `np.float64 == np.dtype(float).type`.
  from ._conv import register_converters as _register_converters
/root/anaconda2/lib/python2.7/site-packages/h5py/__init__.py:34: FutureWarning: Conversion of the second argument of issubdtype from `float` to `np.floating` is deprecated. In future, it will be treated as `np.float64 == np.dtype(float).type`.
  from ._conv import register_converters as _register_converters
/root/anaconda2/lib/python2.7/site-packages/h5py/__init__.py:34: FutureWarning: Conversion of the second argument of issubdtype from `float` to `np.floating` is deprecated. In future, it will be treated as `np.float64 == np.dtype(float).type`.
  from ._conv import register_converters as _register_converters
/root/anaconda2/lib/python2.7/site-packages/h5py/__init__.py:34: FutureWarning: Conversion of the second argument of issubdtype from `float` to `np.floating` is deprecated. In future, it will be treated as `np.float64 == np.dtype(float).type`.
  from ._conv import register_converters as _register_converters
/root/anaconda2/lib/python2.7/site-packages/h5py/__init__.py:34: FutureWarning: Conversion of the second argument of issubdtype from `float` to `np.floating` is deprecated. In future, it will be treated as `np.float64 == np.dtype(float).type`.
  from ._conv import register_converters as _register_converters
/root/anaconda2/lib/python2.7/site-packages/h5py/__init__.py:34: FutureWarning: Conversion of the second argument of issubdtype from `float` to `np.floating` is deprecated. In future, it will be treated as `np.float64 == np.dtype(float).type`.
  from ._conv import register_converters as _register_converters
/root/anaconda2/lib/python2.7/site-packages/h5py/__init__.py:34: FutureWarning: Conversion of the second argument of issubdtype from `float` to `np.floating` is deprecated. In future, it will be treated as `np.float64 == np.dtype(float).type`.
  from ._conv import register_converters as _register_converters
/root/anaconda2/lib/python2.7/site-packages/h5py/__init__.py:34: FutureWarning: Conversion of the second argument of issubdtype from `float` to `np.floating` is deprecated. In future, it will be treated as `np.float64 == np.dtype(float).type`.
  from ._conv import register_converters as _register_converters
/root/anaconda2/lib/python2.7/site-packages/h5py/__init__.py:34: FutureWarning: Conversion of the second argument of issubdtype from `float` to `np.floating` is deprecated. In future, it will be treated as `np.float64 == np.dtype(float).type`.
  from ._conv import register_converters as _register_converters
INFO:root:start with arguments Namespace(batch_size=256, benchmark=0, brightness=0, contrast=0, data_nthreads=4, data_train='/root/zl_workspace/dataset/imagenet8/mxnet-format/train_rec.rec', data_train_idx='', data_val=None, data_val_idx='', disp_batches=1, dtype='float32', fill_value=127, gc_threshold=0.5, gc_type='none', gpus=None, image_shape='3,224,224', initializer='default', kv_store='dist_sync', load_epoch=None, loss='ce', lr=0.01, lr_factor=0.1, lr_step_epochs='30,60', macrobatch_size=0, max_crop_size=-1, max_random_area=1, max_random_aspect_ratio=0, max_random_h=0, max_random_l=0, max_random_rotate_angle=0, max_random_s=0, max_random_scale=1, max_random_shear_ratio=0, min_crop_size=-1, min_random_area=1, min_random_aspect_ratio=None, min_random_scale=1, model_prefix=None, mom=0.9, monitor=0, network='alexnet', num_classes=8, num_epochs=100, num_examples=10400, num_layers=50, optimizer='sgd', pad_size=0, pca_noise=0, profile_server_suffix='', profile_worker_suffix='', random_crop=0, random_mirror=0, random_resized_crop=0, rgb_mean='123.68,116.779,103.939', rgb_std='1,1,1', saturation=0, save_period=1, test_io=0, top_k=0, warmup_epochs=5, warmup_strategy='linear', wd=0.0001)
INFO:root:start with arguments Namespace(batch_size=256, benchmark=0, brightness=0, contrast=0, data_nthreads=4, data_train='/root/zl_workspace/dataset/imagenet8/mxnet-format/train_rec.rec', data_train_idx='', data_val=None, data_val_idx='', disp_batches=1, dtype='float32', fill_value=127, gc_threshold=0.5, gc_type='none', gpus=None, image_shape='3,224,224', initializer='default', kv_store='dist_sync', load_epoch=None, loss='ce', lr=0.01, lr_factor=0.1, lr_step_epochs='30,60', macrobatch_size=0, max_crop_size=-1, max_random_area=1, max_random_aspect_ratio=0, max_random_h=0, max_random_l=0, max_random_rotate_angle=0, max_random_s=0, max_random_scale=1, max_random_shear_ratio=0, min_crop_size=-1, min_random_area=1, min_random_aspect_ratio=None, min_random_scale=1, model_prefix=None, mom=0.9, monitor=0, network='alexnet', num_classes=8, num_epochs=100, num_examples=10400, num_layers=50, optimizer='sgd', pad_size=0, pca_noise=0, profile_server_suffix='', profile_worker_suffix='', random_crop=0, random_mirror=0, random_resized_crop=0, rgb_mean='123.68,116.779,103.939', rgb_std='1,1,1', saturation=0, save_period=1, test_io=0, top_k=0, warmup_epochs=5, warmup_strategy='linear', wd=0.0001)
INFO:root:start with arguments Namespace(batch_size=256, benchmark=0, brightness=0, contrast=0, data_nthreads=4, data_train='/root/zl_workspace/dataset/imagenet8/mxnet-format/train_rec.rec', data_train_idx='', data_val=None, data_val_idx='', disp_batches=1, dtype='float32', fill_value=127, gc_threshold=0.5, gc_type='none', gpus=None, image_shape='3,224,224', initializer='default', kv_store='dist_sync', load_epoch=None, loss='ce', lr=0.01, lr_factor=0.1, lr_step_epochs='30,60', macrobatch_size=0, max_crop_size=-1, max_random_area=1, max_random_aspect_ratio=0, max_random_h=0, max_random_l=0, max_random_rotate_angle=0, max_random_s=0, max_random_scale=1, max_random_shear_ratio=0, min_crop_size=-1, min_random_area=1, min_random_aspect_ratio=None, min_random_scale=1, model_prefix=None, mom=0.9, monitor=0, network='alexnet', num_classes=8, num_epochs=100, num_examples=10400, num_layers=50, optimizer='sgd', pad_size=0, pca_noise=0, profile_server_suffix='', profile_worker_suffix='', random_crop=0, random_mirror=0, random_resized_crop=0, rgb_mean='123.68,116.779,103.939', rgb_std='1,1,1', saturation=0, save_period=1, test_io=0, top_k=0, warmup_epochs=5, warmup_strategy='linear', wd=0.0001)
INFO:root:start with arguments Namespace(batch_size=256, benchmark=0, brightness=0, contrast=0, data_nthreads=4, data_train='/root/zl_workspace/dataset/imagenet8/mxnet-format/train_rec.rec', data_train_idx='', data_val=None, data_val_idx='', disp_batches=1, dtype='float32', fill_value=127, gc_threshold=0.5, gc_type='none', gpus=None, image_shape='3,224,224', initializer='default', kv_store='dist_sync', load_epoch=None, loss='ce', lr=0.01, lr_factor=0.1, lr_step_epochs='30,60', macrobatch_size=0, max_crop_size=-1, max_random_area=1, max_random_aspect_ratio=0, max_random_h=0, max_random_l=0, max_random_rotate_angle=0, max_random_s=0, max_random_scale=1, max_random_shear_ratio=0, min_crop_size=-1, min_random_area=1, min_random_aspect_ratio=None, min_random_scale=1, model_prefix=None, mom=0.9, monitor=0, network='alexnet', num_classes=8, num_epochs=100, num_examples=10400, num_layers=50, optimizer='sgd', pad_size=0, pca_noise=0, profile_server_suffix='', profile_worker_suffix='', random_crop=0, random_mirror=0, random_resized_crop=0, rgb_mean='123.68,116.779,103.939', rgb_std='1,1,1', saturation=0, save_period=1, test_io=0, top_k=0, warmup_epochs=5, warmup_strategy='linear', wd=0.0001)
[22:52:29] src/io/iter_image_recordio_2.cc:170: ImageRecordIOParser2: /root/zl_workspace/dataset/imagenet8/mxnet-format/train_rec.rec, use 4 threads for decoding..
[22:52:29] src/io/iter_image_recordio_2.cc:170INFO:root:start with arguments Namespace(batch_size=256, benchmark=0, brightness=0, contrast=0, data_nthreads=4, data_train='/root/zl_workspace/dataset/imagenet8/mxnet-format/train_rec.rec', data_train_idx='', data_val=None, data_val_idx='', disp_batches=1, dtype='float32', fill_value=127, gc_threshold=0.5, gc_type='none', gpus=None, image_shape='3,224,224', initializer='default', kv_store='dist_sync', load_epoch=None, loss='ce', lr=0.01, lr_factor=0.1, lr_step_epochs='30,60', macrobatch_size=0, max_crop_size=-1, max_random_area=1, max_random_aspect_ratio=0, max_random_h=0, max_random_l=0, max_random_rotate_angle=0, max_random_s=0, max_random_scale=1, max_random_shear_ratio=0, min_crop_size=-1, min_random_area=1, min_random_aspect_ratio=None, min_random_scale=1, model_prefix=None, mom=0.9, monitor=0, network='alexnet', num_classes=8, num_epochs=100, num_examples=10400, num_layers=50, optimizer='sgd', pad_size=0, pca_noise=0, profile_server_suffix='', profile_worker_suffix='', random_crop=0, random_mirror=0, random_resized_crop=0, rgb_mean='123.68,116.779,103.939', rgb_std='1,1,1', saturation=0, save_period=1, test_io=0, top_k=0, warmup_epochs=5, warmup_strategy='linear', wd=0.0001)
[22:52:29] src/io/iter_image_recordio_2.cc:170: ImageRecordIOParser2: /root/zl_workspace/dataset/imagenet8/mxnet-format/train_rec.rec, use 4 threads for decoding..
: ImageRecordIOParser2: /root/zl_workspace/dataset/imagenet8/mxnet-format/train_rec.rec, use 4 threads for decoding..
[22:52:29] src/io/iter_image_recordio_2.cc:170: ImageRecordIOParser2: /root/zl_workspace/dataset/imagenet8/mxnet-format/train_rec.rec, use 4 threads for decoding..
[22:52:29] src/io/iter_image_recordio_2.cc:170: ImageRecordIOParser2: /root/zl_workspace/dataset/imagenet8/mxnet-format/train_rec.rec, use 4 threads for decoding..
INFO:root:Resizing training data to 8 batches per machine
INFO:root:Resizing training data to 8 batches per machine
INFO:root:Resizing training data to 8 batches per machine
INFO:root:Resizing training data to 8 batches per machine
INFO:root:Resizing training data to 8 batches per machine
[22:52:34] src/operator/nn/mkldnn/mkldnn_base.cc:68: Allocate 2457600 bytes with malloc directly
[22:52:34] src/operator/nn/mkldnn/mkldnn_base.cc:68: Allocate 2457600 bytes with malloc directly
[22:52:34] src/operator/nn/mkldnn/mkldnn_base.cc:68: Allocate 2457600 bytes with malloc directly
[22:52:34] src/operator/nn/mkldnn/mkldnn_base.cc:68: Allocate 2457600 bytes with malloc directly
[22:52:34] src/operator/nn/mkldnn/mkldnn_base.cc:68: Allocate 2457600 bytes with malloc directly
[22:52:35] src/operator/nn/mkldnn/mkldnn_base.cc:68: Allocate 37748736 bytes with malloc directly
[22:52:35] src/operator/nn/mkldnn/mkldnn_base.cc:68: Allocate 37748736 bytes with malloc directly
[22:52:36] src/operator/nn/mkldnn/mkldnn_base.cc:68: Allocate 177209344 bytes with malloc directly
[22:52:35] src/operator/nn/mkldnn/mkldnn_base.cc:68: Allocate 37748736 bytes with malloc directly
[22:52:35] src/operator/nn/mkldnn/mkldnn_base.cc:68: Allocate 37748736 bytes with malloc directly
[22:52:36] src/operator/nn/mkldnn/mkldnn_base.cc:68: Allocate 177209344 bytes with malloc directly
[22:52:35] src/operator/nn/mkldnn/mkldnn_base.cc:68: Allocate 37748736 bytes with malloc directly
[22:52:35] src/operator/nn/mkldnn/mkldnn_base.cc:68: Allocate 37748736 bytes with malloc directly
[22:52:36] src/operator/nn/mkldnn/mkldnn_base.cc:68: Allocate 37748736 bytes with malloc directly
[22:52:36] src/operator/nn/mkldnn/mkldnn_base.cc:68: Allocate 37748736 bytes with malloc directly
[22:52:36] src/operator/nn/mkldnn/mkldnn_base.cc:68: Allocate 37748736 bytes with malloc directly
[22:52:36] src/operator/nn/mkldnn/mkldnn_base.cc:68: Allocate 37748736 bytes with malloc directly
[22:52:37] src/operator/nn/mkldnn/mkldnn_base.cc:68: Allocate 177209344 bytes with malloc directly
[22:52:38] src/operator/nn/mkldnn/mkldnn_base.cc:68: Allocate 177209344 bytes with malloc directly
[22:52:38] src/operator/nn/mkldnn/mkldnn_base.cc:68: Allocate 177209344 bytes with malloc directly
INFO:root:Epoch[0] Batch [1]	Speed: 48.30 samples/sec	accuracy=0.121094	cross-entropy=2.084603
INFO:root:Epoch[0] Batch [1]	Speed: 42.00 samples/sec	accuracy=0.179688	cross-entropy=2.076209
INFO:root:Epoch[0] Batch [1]	Speed: 48.16 samples/sec	accuracy=0.123047	cross-entropy=2.081547
INFO:root:Epoch[0] Batch [1]	Speed: 41.41 samples/sec	accuracy=0.101562	cross-entropy=2.082736
INFO:root:Epoch[0] Batch [1]	Speed: 37.30 samples/sec	accuracy=0.113281	cross-entropy=2.078977
INFO:root:Epoch[0] Batch [2]	Speed: 46.64 samples/sec	accuracy=0.140625	cross-entropy=2.086469
INFO:root:Epoch[0] Batch [2]	Speed: 39.73 samples/sec	accuracy=0.136719	cross-entropy=2.078532
INFO:root:Epoch[0] Batch [2]	Speed: 39.22 samples/sec	accuracy=0.140625	cross-entropy=2.084669
INFO:root:Epoch[0] Batch [2]	Speed: 34.80 samples/sec	accuracy=0.167969	cross-entropy=2.079590
INFO:root:Epoch[0] Batch [2]	Speed: 34.95 samples/sec	accuracy=0.109375	cross-entropy=2.083298
INFO:root:Epoch[0] Batch [3]	Speed: 38.92 samples/sec	accuracy=0.156250	cross-entropy=2.074777
INFO:root:Epoch[0] Batch [3]	Speed: 39.45 samples/sec	accuracy=0.144531	cross-entropy=2.073862
INFO:root:Epoch[0] Batch [3]	Speed: 44.71 samples/sec	accuracy=0.152344	cross-entropy=2.080044
INFO:root:Epoch[0] Batch [3]	Speed: 39.07 samples/sec	accuracy=0.160156	cross-entropy=2.077797
INFO:root:Epoch[0] Batch [3]	Speed: 33.97 samples/sec	accuracy=0.128906	cross-entropy=2.079306
INFO:root:Epoch[0] Batch [4]	Speed: 44.35 samples/sec	accuracy=0.164062	cross-entropy=2.069458
INFO:root:Epoch[0] Batch [4]	Speed: 38.60 samples/sec	accuracy=0.183594	cross-entropy=2.068798
INFO:root:Epoch[0] Batch [4]	Speed: 38.59 samples/sec	accuracy=0.167969	cross-entropy=2.069634
INFO:root:Epoch[0] Batch [4]	Speed: 38.76 samples/sec	accuracy=0.160156	cross-entropy=2.075396
INFO:root:Epoch[0] Batch [4]	Speed: 33.99 samples/sec	accuracy=0.121094	cross-entropy=2.077834
INFO:root:Epoch[0] Batch [5]	Speed: 39.35 samples/sec	accuracy=0.183594	cross-entropy=2.068587
INFO:root:Epoch[0] Batch [5]	Speed: 39.30 samples/sec	accuracy=0.125000	cross-entropy=2.072737
INFO:root:Epoch[0] Batch [5]	Speed: 39.47 samples/sec	accuracy=0.144531	cross-entropy=2.070976
INFO:root:Epoch[0] Batch [5]	Speed: 39.70 samples/sec	accuracy=0.121094	cross-entropy=2.068331
INFO:root:Epoch[0] Batch [5]	Speed: 39.43 samples/sec	accuracy=0.156250	cross-entropy=2.068436
INFO:root:Epoch[0] Batch [6]	Speed: 40.54 samples/sec	accuracy=0.152344	cross-entropy=2.064494
INFO:root:Epoch[0] Batch [6]	Speed: 40.50 samples/sec	accuracy=0.160156	cross-entropy=2.067478
INFO:root:Epoch[0] Batch [6]	Speed: 41.85 samples/sec	accuracy=0.167969	cross-entropy=2.060262
INFO:root:Epoch[0] Batch [6]	Speed: 41.50 samples/sec	accuracy=0.136719	cross-entropy=2.066664
INFO:root:Epoch[0] Batch [6]	Speed: 35.39 samples/sec	accuracy=0.167969	cross-entropy=2.056677
INFO:root:Epoch[0] Batch [7]	Speed: 46.34 samples/sec	accuracy=0.195312	cross-entropy=2.052110
INFO:root:Epoch[0] Train-accuracy=0.195312
INFO:root:Epoch[0] Train-cross-entropy=2.052110
INFO:root:Epoch[0] Time cost=46.466
INFO:root:Epoch[0] Batch [7]	Speed: 39.51 samples/sec	accuracy=0.128906	cross-entropy=2.058974
INFO:root:Epoch[0] Train-accuracy=0.128906
INFO:root:Epoch[0] Train-cross-entropy=2.058974
INFO:root:Epoch[0] Time cost=46.498
INFO:root:Epoch[0] Batch [7]	Speed: 44.18 samples/sec	accuracy=0.152344	cross-entropy=2.056286
INFO:root:Epoch[0] Train-accuracy=0.152344
INFO:root:Epoch[0] Train-cross-entropy=2.056286
INFO:root:Epoch[0] Time cost=46.500
INFO:root:Epoch[0] Batch [7]	Speed: 39.53 samples/sec	accuracy=0.199219	cross-entropy=2.049756
INFO:root:Epoch[0] Train-accuracy=0.199219
INFO:root:Epoch[0] Train-cross-entropy=2.049756
INFO:root:Epoch[0] Time cost=46.503
INFO:root:Epoch[0] Batch [7]	Speed: 38.06 samples/sec	accuracy=0.156250	cross-entropy=2.050751
INFO:root:Epoch[0] Train-accuracy=0.156250
INFO:root:Epoch[0] Train-cross-entropy=2.050751
INFO:root:Epoch[0] Time cost=47.427
