/root/anaconda2/lib/python2.7/site-packages/h5py/__init__.py:34: FutureWarning: Conversion of the second argument of issubdtype from `float` to `np.floating` is deprecated. In future, it will be treated as `np.float64 == np.dtype(float).type`.
  from ._conv import register_converters as _register_converters
INFO:root:start with arguments Namespace(batch_size=256, benchmark=0, brightness=0, contrast=0, data_nthreads=4, data_train='/root/zl_workspace/dataset/imagenet8/mxnet-format/train_rec.rec', data_train_idx='', data_val='/root/zl_workspace/dataset/imagenet8/mxnet-format/val_rec.rec', data_val_idx='', disp_batches=1, dtype='float32', fill_value=127, gc_threshold=0.5, gc_type='none', gpus=None, image_shape='3,224,224', initializer='default', kv_store='device', load_epoch=None, loss='ce', lr=0.01, lr_factor=0.1, lr_step_epochs='5,10', macrobatch_size=0, max_crop_size=-1, max_random_area=1, max_random_aspect_ratio=0, max_random_h=0, max_random_l=0, max_random_rotate_angle=0, max_random_s=0, max_random_scale=1, max_random_shear_ratio=0, min_crop_size=-1, min_random_area=1, min_random_aspect_ratio=None, min_random_scale=1, model_prefix=None, mom=0.9, monitor=0, network='alexnet', num_classes=8, num_epochs=20, num_examples=10400, num_layers=50, optimizer='sgd', pad_size=0, pca_noise=0, profile_server_suffix='', profile_worker_suffix='', random_crop=0, random_mirror=0, random_resized_crop=0, rgb_mean='123.68,116.779,103.939', rgb_std='1,1,1', saturation=0, save_period=1, test_io=0, top_k=0, warmup_epochs=5, warmup_strategy='linear', wd=0.0001)
[15:27:29] src/io/iter_image_recordio_2.cc:170: ImageRecordIOParser2: /root/zl_workspace/dataset/imagenet8/mxnet-format/train_rec.rec, use 4 threads for decoding..
[15:27:29] src/engine/engine.cc:55: MXNet start using engine: ThreadedEnginePerDevice
[15:27:29] src/io/iter_image_recordio_2.cc:170: ImageRecordIOParser2: /root/zl_workspace/dataset/imagenet8/mxnet-format/val_rec.rec, use 4 threads for decoding..
[15:27:31] src/operator/nn/mkldnn/mkldnn_base.cc:68: Allocate 2457600 bytes with malloc directly
[15:27:32] src/operator/nn/mkldnn/mkldnn_base.cc:68: Allocate 37748736 bytes with malloc directly
[15:27:32] src/operator/nn/mkldnn/mkldnn_base.cc:68: Allocate 37748736 bytes with malloc directly
[15:27:34] src/operator/nn/mkldnn/mkldnn_base.cc:68: Allocate 177209344 bytes with malloc directly
INFO:root:Epoch[0] Batch [1]	Speed: 56.31 samples/sec	accuracy=0.175781	cross-entropy=2.076184
INFO:root:Epoch[0] Batch [2]	Speed: 62.89 samples/sec	accuracy=0.148438	cross-entropy=2.078084
INFO:root:Epoch[0] Batch [3]	Speed: 63.94 samples/sec	accuracy=0.167969	cross-entropy=2.074410
INFO:root:Epoch[0] Batch [4]	Speed: 61.46 samples/sec	accuracy=0.113281	cross-entropy=2.078600
INFO:root:Epoch[0] Batch [5]	Speed: 50.41 samples/sec	accuracy=0.136719	cross-entropy=2.070336
INFO:root:Epoch[0] Batch [6]	Speed: 66.50 samples/sec	accuracy=0.117188	cross-entropy=2.061597
INFO:root:Epoch[0] Batch [7]	Speed: 62.61 samples/sec	accuracy=0.148438	cross-entropy=2.052243
INFO:root:Epoch[0] Batch [8]	Speed: 61.94 samples/sec	accuracy=0.156250	cross-entropy=2.046700
INFO:root:Epoch[0] Batch [9]	Speed: 55.84 samples/sec	accuracy=0.195312	cross-entropy=2.014493
INFO:root:Epoch[0] Batch [10]	Speed: 64.13 samples/sec	accuracy=0.125000	cross-entropy=2.013525
INFO:root:Epoch[0] Batch [11]	Speed: 63.86 samples/sec	accuracy=0.148438	cross-entropy=1.969845
INFO:root:Epoch[0] Batch [12]	Speed: 66.41 samples/sec	accuracy=0.105469	cross-entropy=1.929015
INFO:root:Epoch[0] Batch [13]	Speed: 63.76 samples/sec	accuracy=0.128906	cross-entropy=1.908740
INFO:root:Epoch[0] Batch [14]	Speed: 61.08 samples/sec	accuracy=0.195312	cross-entropy=1.800914
INFO:root:Epoch[0] Batch [15]	Speed: 59.67 samples/sec	accuracy=0.175781	cross-entropy=1.869120
INFO:root:Epoch[0] Batch [16]	Speed: 60.07 samples/sec	accuracy=0.222656	cross-entropy=1.887762
INFO:root:Epoch[0] Batch [17]	Speed: 53.94 samples/sec	accuracy=0.261719	cross-entropy=1.796173
INFO:root:Epoch[0] Batch [18]	Speed: 54.80 samples/sec	accuracy=0.292969	cross-entropy=1.851633
INFO:root:Epoch[0] Batch [19]	Speed: 64.39 samples/sec	accuracy=0.269531	cross-entropy=1.804937
INFO:root:Epoch[0] Batch [20]	Speed: 65.51 samples/sec	accuracy=0.292969	cross-entropy=1.825090
INFO:root:Epoch[0] Batch [21]	Speed: 58.81 samples/sec	accuracy=0.328125	cross-entropy=1.839094
INFO:root:Epoch[0] Batch [22]	Speed: 54.24 samples/sec	accuracy=0.234375	cross-entropy=1.914965
INFO:root:Epoch[0] Batch [23]	Speed: 64.37 samples/sec	accuracy=0.265625	cross-entropy=1.764450
INFO:root:Epoch[0] Batch [24]	Speed: 68.06 samples/sec	accuracy=0.261719	cross-entropy=2.015300
